2024-04-07 15:19:05,196 [INFO] NvicIntPanel:101 - NVIC parent = com.st.microxplorer.plugins.ip.nvic.MultiNvicIntPanel[,0,0,543x296,layout=javax.swing.BoxLayout,alignmentX=0.0,alignmentY=0.0,border=,flags=9,maximumSize=,minimumSize=,preferredSize=]
2024-04-07 15:19:06,626 [INFO] NvicIntPanel:101 - NVIC parent = com.st.microxplorer.plugins.ip.nvic.MultiNvicIntPanel[,0,0,0x0,invalid,layout=javax.swing.BoxLayout,alignmentX=0.0,alignmentY=0.0,border=,flags=9,maximumSize=,minimumSize=,preferredSize=]
2024-04-07 15:19:08,788 [INFO] UtilMem:75 - End SaveConfig() Used Memory: 203954048 Bytes (594542592)
2024-04-07 15:19:09,704 [INFO] UtilMem:75 - End SaveConfig() Used Memory: 225756128 Bytes (594542592)
2024-04-07 15:19:10,871 [INFO] UtilMem:75 - End SaveConfig() Used Memory: 263727456 Bytes (594542592)
2024-04-07 15:19:11,388 [INFO] BlockDiagram:2759 - set Specific Code input for plugin: NVIC
2024-04-07 15:19:11,388 [INFO] BlockDiagram:2759 - set Specific Code input for plugin: USART
2024-04-07 15:19:11,388 [INFO] BlockDiagram:2759 - set Specific Code input for plugin: TIM6_7F0
2024-04-07 15:19:11,389 [INFO] BlockDiagram:2759 - set Specific Code input for plugin: TIM1_8F0
2024-04-07 15:19:11,389 [INFO] BlockDiagram:2759 - set Specific Code input for plugin: TIM1_8F0
2024-04-07 15:19:11,389 [INFO] BlockDiagram:2759 - set Specific Code input for plugin: SYS
2024-04-07 15:19:11,390 [INFO] BlockDiagram:2759 - set Specific Code input for plugin: GPIO
2024-04-07 15:19:11,390 [INFO] BlockDiagram:2759 - set Specific Code input for plugin: RCC
2024-04-07 15:19:11,391 [INFO] CodeGenerator:807 - code generatio: config db path: C:\ST\STM32CubeIDE_1.14.1\STM32CubeIDE\plugins\com.st.stm32cube.common.mx_6.11.0.202403141607\\db\
2024-04-07 15:19:11,535 [INFO] CodeEngine:255 - oldGeneratedFile, C:\Users\alise\Desktop\STM\workspace\F0\PWM_TEST\MXTmpFiles\license.tmp_save
2024-04-07 15:19:12,016 [INFO] CodeEngine:279 - Generated code: C:\Users\alise\Desktop\STM\workspace\F0\PWM_TEST\MXTmpFiles\license.tmp
2024-04-07 15:19:12,242 [INFO] CodeEngine:255 - oldGeneratedFile, C:\Users\alise\Desktop\STM\workspace\F0\PWM_TEST\MXTmpFiles\gpio.tmp_save
2024-04-07 15:19:12,442 [INFO] CodeEngine:279 - Generated code: C:\Users\alise\Desktop\STM\workspace\F0\PWM_TEST\MXTmpFiles\gpio.tmp
2024-04-07 15:19:12,816 [INFO] CodeEngine:255 - oldGeneratedFile, C:\Users\alise\Desktop\STM\workspace\F0\PWM_TEST\Core\Src\stm32f0xx_it.c_save
2024-04-07 15:19:13,021 [INFO] CodeEngine:279 - Generated code: C:\Users\alise\Desktop\STM\workspace\F0\PWM_TEST\Core\Src\stm32f0xx_it.c
2024-04-07 15:19:13,048 [INFO] CodeEngine:255 - oldGeneratedFile, C:\Users\alise\Desktop\STM\workspace\F0\PWM_TEST\Core\Inc\stm32f0xx_it.h_save
2024-04-07 15:19:13,156 [INFO] CodeEngine:279 - Generated code: C:\Users\alise\Desktop\STM\workspace\F0\PWM_TEST\Core\Inc\stm32f0xx_it.h
2024-04-07 15:19:13,182 [INFO] CodeEngine:255 - oldGeneratedFile, C:\Users\alise\Desktop\STM\workspace\F0\PWM_TEST\Core\Src\stm32f0xx_hal_msp.c_save
2024-04-07 15:19:13,325 [INFO] CodeEngine:279 - Generated code: C:\Users\alise\Desktop\STM\workspace\F0\PWM_TEST\Core\Src\stm32f0xx_hal_msp.c
2024-04-07 15:19:13,338 [INFO] CodeEngine:255 - oldGeneratedFile, C:\Users\alise\Desktop\STM\workspace\F0\PWM_TEST\MXTmpFiles\system.tmp_save
2024-04-07 15:19:13,390 [INFO] CodeEngine:279 - Generated code: C:\Users\alise\Desktop\STM\workspace\F0\PWM_TEST\MXTmpFiles\system.tmp
2024-04-07 15:19:13,411 [INFO] CodeEngine:311 - oldGeneratedFile, C:\Users\alise\Desktop\STM\workspace\F0\PWM_TEST\Core\Inc\stm32f0xx_hal_conf.h_save
2024-04-07 15:19:13,482 [INFO] CodeEngine:335 - Generated code: C:\Users\alise\Desktop\STM\workspace\F0\PWM_TEST\Core\Inc\stm32f0xx_hal_conf.h
2024-04-07 15:19:13,503 [WARN] IPConfigManager:3513 - IP not found : TIM
2024-04-07 15:19:13,504 [WARN] CodeGenerator:3951 - IP not found : null
2024-04-07 15:19:13,525 [INFO] CodeEngine:255 - oldGeneratedFile, C:\Users\alise\Desktop\STM\workspace\F0\PWM_TEST\Core\Inc\main.h_save
2024-04-07 15:19:13,615 [INFO] CodeEngine:279 - Generated code: C:\Users\alise\Desktop\STM\workspace\F0\PWM_TEST\Core\Inc\main.h
2024-04-07 15:19:13,630 [INFO] CodeEngine:255 - oldGeneratedFile, C:\Users\alise\Desktop\STM\workspace\F0\PWM_TEST\Core\Src\main.c_save
2024-04-07 15:19:13,883 [INFO] CodeEngine:279 - Generated code: C:\Users\alise\Desktop\STM\workspace\F0\PWM_TEST\Core\Src\main.c
2024-04-07 15:19:14,243 [INFO] ProjectBuilder:3163 - Time for Copy HAL[1] : 171mS.
2024-04-07 15:19:14,248 [INFO] ProjectBuilder:4736 - Project Generator version: 4.3.0-B58
2024-04-07 15:19:14,329 [INFO] ConfigFileManager:1503 - The Die is : DIE440
2024-04-07 15:19:14,344 [INFO] ApiDbMcu:508 - Load IP Config File for FATFS
2024-04-07 15:19:14,354 [INFO] ApiDbMcu:508 - Load IP Config File for FREERTOS
2024-04-07 15:19:14,370 [INFO] ApiDbMcu:508 - Load IP Config File for TOUCHSENSING
