2024-04-19 15:09:52,624 [INFO] NvicIntPanel:101 - NVIC parent = com.st.microxplorer.plugins.ip.nvic.MultiNvicIntPanel[,0,0,0x0,invalid,layout=javax.swing.BoxLayout,alignmentX=0.0,alignmentY=0.0,border=,flags=9,maximumSize=,minimumSize=,preferredSize=]
2024-04-19 15:09:56,140 [INFO] NvicIntPanel:101 - NVIC parent = com.st.microxplorer.plugins.ip.nvic.MultiNvicIntPanel[,0,0,0x0,invalid,layout=javax.swing.BoxLayout,alignmentX=0.0,alignmentY=0.0,border=,flags=9,maximumSize=,minimumSize=,preferredSize=]
2024-04-19 15:23:33,938 [INFO] NvicIntPanel:101 - NVIC parent = com.st.microxplorer.plugins.ip.nvic.MultiNvicIntPanel[,0,0,0x0,invalid,layout=javax.swing.BoxLayout,alignmentX=0.0,alignmentY=0.0,border=,flags=9,maximumSize=,minimumSize=,preferredSize=]
2024-04-19 15:24:27,391 [INFO] NvicIntPanel:101 - NVIC parent = com.st.microxplorer.plugins.ip.nvic.MultiNvicIntPanel[,0,0,0x0,invalid,layout=javax.swing.BoxLayout,alignmentX=0.0,alignmentY=0.0,border=,flags=9,maximumSize=,minimumSize=,preferredSize=]
2024-04-19 15:25:15,146 [INFO] NvicIntPanel:101 - NVIC parent = com.st.microxplorer.plugins.ip.nvic.MultiNvicIntPanel[,0,0,0x0,invalid,layout=javax.swing.BoxLayout,alignmentX=0.0,alignmentY=0.0,border=,flags=9,maximumSize=,minimumSize=,preferredSize=]
2024-04-19 15:26:16,688 [INFO] NvicIntPanel:101 - NVIC parent = com.st.microxplorer.plugins.ip.nvic.MultiNvicIntPanel[,0,0,0x0,invalid,layout=javax.swing.BoxLayout,alignmentX=0.0,alignmentY=0.0,border=,flags=9,maximumSize=,minimumSize=,preferredSize=]
2024-04-19 15:26:41,971 [INFO] NvicIntPanel:101 - NVIC parent = com.st.microxplorer.plugins.ip.nvic.MultiNvicIntPanel[,0,0,0x0,invalid,layout=javax.swing.BoxLayout,alignmentX=0.0,alignmentY=0.0,border=,flags=9,maximumSize=,minimumSize=,preferredSize=]
2024-04-19 15:26:58,035 [INFO] NvicIntPanel:101 - NVIC parent = com.st.microxplorer.plugins.ip.nvic.MultiNvicIntPanel[,0,0,0x0,invalid,layout=javax.swing.BoxLayout,alignmentX=0.0,alignmentY=0.0,border=,flags=9,maximumSize=,minimumSize=,preferredSize=]
2024-04-19 15:27:01,042 [INFO] UtilMem:75 - End SaveConfig() Used Memory: 318798992 Bytes (481296384)
2024-04-19 15:27:02,228 [INFO] UtilMem:75 - End SaveConfig() Used Memory: 340332984 Bytes (481296384)
2024-04-19 15:27:04,267 [INFO] UtilMem:75 - End SaveConfig() Used Memory: 409536952 Bytes (481296384)
2024-04-19 15:27:04,795 [INFO] BlockDiagram:2759 - set Specific Code input for plugin: NVIC
2024-04-19 15:27:04,795 [INFO] BlockDiagram:2759 - set Specific Code input for plugin: USART
2024-04-19 15:27:04,795 [INFO] BlockDiagram:2759 - set Specific Code input for plugin: TIM6_7F0
2024-04-19 15:27:04,795 [INFO] BlockDiagram:2759 - set Specific Code input for plugin: TIM1_8F0
2024-04-19 15:27:04,795 [INFO] BlockDiagram:2759 - set Specific Code input for plugin: TIM1_8F0
2024-04-19 15:27:04,795 [INFO] BlockDiagram:2759 - set Specific Code input for plugin: TIM1_8F0
2024-04-19 15:27:04,796 [INFO] BlockDiagram:2759 - set Specific Code input for plugin: SYS
2024-04-19 15:27:04,796 [INFO] BlockDiagram:2759 - set Specific Code input for plugin: GPIO
2024-04-19 15:27:04,796 [INFO] BlockDiagram:2759 - set Specific Code input for plugin: RCC
2024-04-19 15:27:04,797 [INFO] CodeGenerator:807 - code generatio: config db path: C:\ST\STM32CubeIDE_1.14.1\STM32CubeIDE\plugins\com.st.stm32cube.common.mx_6.11.0.202403141607\\db\
2024-04-19 15:27:04,997 [INFO] CodeEngine:255 - oldGeneratedFile, C:\Users\alise\Desktop\STM\workspace\F0\PWM_TEST\MXTmpFiles\license.tmp_save
2024-04-19 15:27:05,345 [INFO] CodeEngine:279 - Generated code: C:\Users\alise\Desktop\STM\workspace\F0\PWM_TEST\MXTmpFiles\license.tmp
2024-04-19 15:27:05,478 [INFO] CodeEngine:255 - oldGeneratedFile, C:\Users\alise\Desktop\STM\workspace\F0\PWM_TEST\MXTmpFiles\gpio.tmp_save
2024-04-19 15:27:05,671 [INFO] CodeEngine:279 - Generated code: C:\Users\alise\Desktop\STM\workspace\F0\PWM_TEST\MXTmpFiles\gpio.tmp
2024-04-19 15:27:06,058 [INFO] CodeEngine:255 - oldGeneratedFile, C:\Users\alise\Desktop\STM\workspace\F0\PWM_TEST\Core\Src\stm32f0xx_it.c_save
2024-04-19 15:27:06,213 [INFO] CodeEngine:279 - Generated code: C:\Users\alise\Desktop\STM\workspace\F0\PWM_TEST\Core\Src\stm32f0xx_it.c
2024-04-19 15:27:06,239 [INFO] CodeEngine:255 - oldGeneratedFile, C:\Users\alise\Desktop\STM\workspace\F0\PWM_TEST\Core\Inc\stm32f0xx_it.h_save
2024-04-19 15:27:06,319 [INFO] CodeEngine:279 - Generated code: C:\Users\alise\Desktop\STM\workspace\F0\PWM_TEST\Core\Inc\stm32f0xx_it.h
2024-04-19 15:27:06,344 [INFO] CodeEngine:255 - oldGeneratedFile, C:\Users\alise\Desktop\STM\workspace\F0\PWM_TEST\Core\Src\stm32f0xx_hal_msp.c_save
2024-04-19 15:27:06,475 [INFO] CodeEngine:279 - Generated code: C:\Users\alise\Desktop\STM\workspace\F0\PWM_TEST\Core\Src\stm32f0xx_hal_msp.c
2024-04-19 15:27:06,488 [INFO] CodeEngine:255 - oldGeneratedFile, C:\Users\alise\Desktop\STM\workspace\F0\PWM_TEST\MXTmpFiles\system.tmp_save
2024-04-19 15:27:06,545 [INFO] CodeEngine:279 - Generated code: C:\Users\alise\Desktop\STM\workspace\F0\PWM_TEST\MXTmpFiles\system.tmp
2024-04-19 15:27:06,568 [INFO] CodeEngine:311 - oldGeneratedFile, C:\Users\alise\Desktop\STM\workspace\F0\PWM_TEST\Core\Inc\stm32f0xx_hal_conf.h_save
2024-04-19 15:27:06,649 [INFO] CodeEngine:335 - Generated code: C:\Users\alise\Desktop\STM\workspace\F0\PWM_TEST\Core\Inc\stm32f0xx_hal_conf.h
2024-04-19 15:27:06,675 [WARN] IPConfigManager:3513 - IP not found : TIM
2024-04-19 15:27:06,677 [WARN] CodeGenerator:3951 - IP not found : null
2024-04-19 15:27:06,698 [INFO] CodeEngine:255 - oldGeneratedFile, C:\Users\alise\Desktop\STM\workspace\F0\PWM_TEST\Core\Inc\main.h_save
2024-04-19 15:27:06,790 [INFO] CodeEngine:279 - Generated code: C:\Users\alise\Desktop\STM\workspace\F0\PWM_TEST\Core\Inc\main.h
2024-04-19 15:27:06,808 [INFO] CodeEngine:255 - oldGeneratedFile, C:\Users\alise\Desktop\STM\workspace\F0\PWM_TEST\Core\Src\main.c_save
2024-04-19 15:27:07,040 [INFO] CodeEngine:279 - Generated code: C:\Users\alise\Desktop\STM\workspace\F0\PWM_TEST\Core\Src\main.c
2024-04-19 15:27:07,327 [INFO] ProjectBuilder:3163 - Time for Copy HAL[1] : 121mS.
2024-04-19 15:27:07,332 [INFO] ProjectBuilder:4736 - Project Generator version: 4.3.0-B58
2024-04-19 15:27:07,428 [INFO] ConfigFileManager:1503 - The Die is : DIE440
2024-04-19 15:27:07,448 [INFO] ApiDbMcu:508 - Load IP Config File for FATFS
2024-04-19 15:27:07,461 [INFO] ApiDbMcu:508 - Load IP Config File for FREERTOS
2024-04-19 15:27:07,500 [INFO] ApiDbMcu:508 - Load IP Config File for TOUCHSENSING
