2024-04-02 19:48:17,460 [INFO] UtilMem:75 - End SaveConfig() Used Memory: 336643592 Bytes (775946240)
2024-04-02 19:48:19,516 [INFO] UtilMem:75 - End SaveConfig() Used Memory: 390345104 Bytes (775946240)
2024-04-02 19:48:21,223 [INFO] UtilMem:75 - End SaveConfig() Used Memory: 462188384 Bytes (775946240)
2024-04-02 19:48:21,401 [INFO] BlockDiagram:2759 - set Specific Code input for plugin: NVIC
2024-04-02 19:48:21,401 [INFO] BlockDiagram:2759 - set Specific Code input for plugin: USART
2024-04-02 19:48:21,401 [INFO] BlockDiagram:2759 - set Specific Code input for plugin: TIM1_8F0
2024-04-02 19:48:21,401 [INFO] BlockDiagram:2759 - set Specific Code input for plugin: SYS
2024-04-02 19:48:21,401 [INFO] BlockDiagram:2759 - set Specific Code input for plugin: GPIO
2024-04-02 19:48:21,402 [INFO] BlockDiagram:2759 - set Specific Code input for plugin: RCC
2024-04-02 19:48:21,403 [INFO] CodeGenerator:807 - code generatio: config db path: C:\ST\STM32CubeIDE_1.14.1\STM32CubeIDE\plugins\com.st.stm32cube.common.mx_6.11.0.202403141607\\db\
2024-04-02 19:48:21,529 [INFO] CodeEngine:255 - oldGeneratedFile, C:\Users\alise\Desktop\STM\workspace\F0\PWM_TEST\MXTmpFiles\license.tmp_save
2024-04-02 19:48:21,643 [INFO] CodeEngine:279 - Generated code: C:\Users\alise\Desktop\STM\workspace\F0\PWM_TEST\MXTmpFiles\license.tmp
2024-04-02 19:48:21,678 [INFO] CodeEngine:255 - oldGeneratedFile, C:\Users\alise\Desktop\STM\workspace\F0\PWM_TEST\MXTmpFiles\gpio.tmp_save
2024-04-02 19:48:21,764 [INFO] CodeEngine:279 - Generated code: C:\Users\alise\Desktop\STM\workspace\F0\PWM_TEST\MXTmpFiles\gpio.tmp
2024-04-02 19:48:21,892 [INFO] CodeEngine:255 - oldGeneratedFile, C:\Users\alise\Desktop\STM\workspace\F0\PWM_TEST\Core\Src\stm32f0xx_it.c_save
2024-04-02 19:48:22,116 [INFO] CodeEngine:279 - Generated code: C:\Users\alise\Desktop\STM\workspace\F0\PWM_TEST\Core\Src\stm32f0xx_it.c
2024-04-02 19:48:22,131 [INFO] CodeEngine:255 - oldGeneratedFile, C:\Users\alise\Desktop\STM\workspace\F0\PWM_TEST\Core\Inc\stm32f0xx_it.h_save
2024-04-02 19:48:22,198 [INFO] CodeEngine:279 - Generated code: C:\Users\alise\Desktop\STM\workspace\F0\PWM_TEST\Core\Inc\stm32f0xx_it.h
2024-04-02 19:48:22,220 [INFO] CodeEngine:255 - oldGeneratedFile, C:\Users\alise\Desktop\STM\workspace\F0\PWM_TEST\Core\Src\stm32f0xx_hal_msp.c_save
2024-04-02 19:48:22,342 [INFO] CodeEngine:279 - Generated code: C:\Users\alise\Desktop\STM\workspace\F0\PWM_TEST\Core\Src\stm32f0xx_hal_msp.c
2024-04-02 19:48:22,356 [INFO] CodeEngine:255 - oldGeneratedFile, C:\Users\alise\Desktop\STM\workspace\F0\PWM_TEST\MXTmpFiles\system.tmp_save
2024-04-02 19:48:22,451 [INFO] CodeEngine:279 - Generated code: C:\Users\alise\Desktop\STM\workspace\F0\PWM_TEST\MXTmpFiles\system.tmp
2024-04-02 19:48:22,478 [INFO] CodeEngine:311 - oldGeneratedFile, C:\Users\alise\Desktop\STM\workspace\F0\PWM_TEST\Core\Inc\stm32f0xx_hal_conf.h_save
2024-04-02 19:48:22,580 [INFO] CodeEngine:335 - Generated code: C:\Users\alise\Desktop\STM\workspace\F0\PWM_TEST\Core\Inc\stm32f0xx_hal_conf.h
2024-04-02 19:48:22,602 [WARN] IPConfigManager:3513 - IP not found : TIM
2024-04-02 19:48:22,603 [WARN] CodeGenerator:3951 - IP not found : null
2024-04-02 19:48:22,624 [INFO] CodeEngine:255 - oldGeneratedFile, C:\Users\alise\Desktop\STM\workspace\F0\PWM_TEST\Core\Inc\main.h_save
2024-04-02 19:48:22,713 [INFO] CodeEngine:279 - Generated code: C:\Users\alise\Desktop\STM\workspace\F0\PWM_TEST\Core\Inc\main.h
2024-04-02 19:48:22,731 [INFO] CodeEngine:255 - oldGeneratedFile, C:\Users\alise\Desktop\STM\workspace\F0\PWM_TEST\Core\Src\main.c_save
2024-04-02 19:48:22,852 [INFO] CodeEngine:279 - Generated code: C:\Users\alise\Desktop\STM\workspace\F0\PWM_TEST\Core\Src\main.c
2024-04-02 19:48:23,159 [INFO] ProjectBuilder:3163 - Time for Copy HAL[1] : 110mS.
2024-04-02 19:48:23,162 [INFO] ProjectBuilder:4736 - Project Generator version: 4.3.0-B58
2024-04-02 19:48:23,229 [INFO] ConfigFileManager:1503 - The Die is : DIE440
2024-04-02 19:48:24,725 [INFO] ProjectBuilder:5002 - Time for Generating toolchain IDE Files: 1562mS.
2024-04-02 19:48:24,725 [INFO] ProjectBuilder:3034 - Time for Copy CMSIS : 0mS.
2024-04-02 19:48:24,728 [INFO] ProjectBuilder:3034 - Time for Copy CMSIS : 0mS.
2024-04-02 19:58:42,865 [INFO] NvicIntPanel:101 - NVIC parent = com.st.microxplorer.plugins.ip.nvic.MultiNvicIntPanel[,0,0,0x0,invalid,layout=javax.swing.BoxLayout,alignmentX=0.0,alignmentY=0.0,border=,flags=9,maximumSize=,minimumSize=,preferredSize=]
