2024-04-22 21:36:17,451 [INFO] Gpio:277 - dependency for GPIO [RCC, SYS, TIM3, USART2]
2024-04-22 21:36:27,621 [INFO] UtilMem:75 - End SaveConfig() Used Memory: 521521432 Bytes (670040064)
2024-04-22 21:36:28,656 [INFO] UtilMem:75 - End SaveConfig() Used Memory: 556707344 Bytes (670040064)
2024-04-22 21:36:29,667 [INFO] UtilMem:75 - End SaveConfig() Used Memory: 288064504 Bytes (670040064)
2024-04-22 21:36:29,846 [INFO] BlockDiagram:2759 - set Specific Code input for plugin: NVIC
2024-04-22 21:36:29,846 [INFO] BlockDiagram:2759 - set Specific Code input for plugin: USART
2024-04-22 21:36:29,846 [INFO] BlockDiagram:2759 - set Specific Code input for plugin: TIM6_7F0
2024-04-22 21:36:29,846 [INFO] BlockDiagram:2759 - set Specific Code input for plugin: TIM1_8F0
2024-04-22 21:36:29,846 [INFO] BlockDiagram:2759 - set Specific Code input for plugin: TIM1_8F0
2024-04-22 21:36:29,846 [INFO] BlockDiagram:2759 - set Specific Code input for plugin: TIM1_8F0
2024-04-22 21:36:29,846 [INFO] BlockDiagram:2759 - set Specific Code input for plugin: SYS
2024-04-22 21:36:29,846 [INFO] BlockDiagram:2759 - set Specific Code input for plugin: GPIO
2024-04-22 21:36:29,846 [INFO] BlockDiagram:2759 - set Specific Code input for plugin: RCC
2024-04-22 21:36:29,847 [INFO] CodeGenerator:807 - code generatio: config db path: C:\ST\STM32CubeIDE_1.14.1\STM32CubeIDE\plugins\com.st.stm32cube.common.mx_6.11.0.202403141607\\db\
2024-04-22 21:36:29,967 [INFO] CodeEngine:255 - oldGeneratedFile, C:\Users\alise\Desktop\STM\workspace\F0\PWM_TEST\MXTmpFiles\license.tmp_save
2024-04-22 21:36:30,042 [INFO] CodeEngine:279 - Generated code: C:\Users\alise\Desktop\STM\workspace\F0\PWM_TEST\MXTmpFiles\license.tmp
2024-04-22 21:36:30,067 [INFO] CodeEngine:255 - oldGeneratedFile, C:\Users\alise\Desktop\STM\workspace\F0\PWM_TEST\MXTmpFiles\gpio.tmp_save
2024-04-22 21:36:30,141 [INFO] CodeEngine:279 - Generated code: C:\Users\alise\Desktop\STM\workspace\F0\PWM_TEST\MXTmpFiles\gpio.tmp
2024-04-22 21:36:30,251 [INFO] CodeEngine:255 - oldGeneratedFile, C:\Users\alise\Desktop\STM\workspace\F0\PWM_TEST\Core\Src\stm32f0xx_it.c_save
2024-04-22 21:36:30,381 [INFO] CodeEngine:279 - Generated code: C:\Users\alise\Desktop\STM\workspace\F0\PWM_TEST\Core\Src\stm32f0xx_it.c
2024-04-22 21:36:30,395 [INFO] CodeEngine:255 - oldGeneratedFile, C:\Users\alise\Desktop\STM\workspace\F0\PWM_TEST\Core\Inc\stm32f0xx_it.h_save
2024-04-22 21:36:30,447 [INFO] CodeEngine:279 - Generated code: C:\Users\alise\Desktop\STM\workspace\F0\PWM_TEST\Core\Inc\stm32f0xx_it.h
2024-04-22 21:36:30,471 [INFO] CodeEngine:255 - oldGeneratedFile, C:\Users\alise\Desktop\STM\workspace\F0\PWM_TEST\Core\Src\stm32f0xx_hal_msp.c_save
2024-04-22 21:36:30,563 [INFO] CodeEngine:279 - Generated code: C:\Users\alise\Desktop\STM\workspace\F0\PWM_TEST\Core\Src\stm32f0xx_hal_msp.c
2024-04-22 21:36:30,579 [INFO] CodeEngine:255 - oldGeneratedFile, C:\Users\alise\Desktop\STM\workspace\F0\PWM_TEST\MXTmpFiles\system.tmp_save
2024-04-22 21:36:30,633 [INFO] CodeEngine:279 - Generated code: C:\Users\alise\Desktop\STM\workspace\F0\PWM_TEST\MXTmpFiles\system.tmp
2024-04-22 21:36:30,655 [INFO] CodeEngine:311 - oldGeneratedFile, C:\Users\alise\Desktop\STM\workspace\F0\PWM_TEST\Core\Inc\stm32f0xx_hal_conf.h_save
2024-04-22 21:36:30,740 [INFO] CodeEngine:335 - Generated code: C:\Users\alise\Desktop\STM\workspace\F0\PWM_TEST\Core\Inc\stm32f0xx_hal_conf.h
2024-04-22 21:36:30,755 [WARN] IPConfigManager:3513 - IP not found : TIM
2024-04-22 21:36:30,757 [WARN] CodeGenerator:3951 - IP not found : null
2024-04-22 21:36:30,780 [INFO] CodeEngine:255 - oldGeneratedFile, C:\Users\alise\Desktop\STM\workspace\F0\PWM_TEST\Core\Inc\main.h_save
2024-04-22 21:36:30,876 [INFO] CodeEngine:279 - Generated code: C:\Users\alise\Desktop\STM\workspace\F0\PWM_TEST\Core\Inc\main.h
2024-04-22 21:36:30,894 [INFO] CodeEngine:255 - oldGeneratedFile, C:\Users\alise\Desktop\STM\workspace\F0\PWM_TEST\Core\Src\main.c_save
2024-04-22 21:36:31,036 [INFO] CodeEngine:279 - Generated code: C:\Users\alise\Desktop\STM\workspace\F0\PWM_TEST\Core\Src\main.c
2024-04-22 21:36:31,353 [INFO] ProjectBuilder:3163 - Time for Copy HAL[1] : 129mS.
2024-04-22 21:36:31,355 [INFO] ProjectBuilder:4736 - Project Generator version: 4.3.0-B58
2024-04-22 21:36:31,417 [INFO] ConfigFileManager:1503 - The Die is : DIE440
2024-04-22 21:36:31,992 [INFO] ProjectBuilder:5002 - Time for Generating toolchain IDE Files: 637mS.
2024-04-22 21:36:31,993 [INFO] ProjectBuilder:3034 - Time for Copy CMSIS : 1mS.
2024-04-22 21:36:31,996 [INFO] ProjectBuilder:3034 - Time for Copy CMSIS : 0mS.
2024-04-22 21:49:15,933 [INFO] UtilMem:75 - End SaveConfig() Used Memory: 294415192 Bytes (670040064)
2024-04-22 21:49:16,640 [INFO] UtilMem:75 - End SaveConfig() Used Memory: 325107144 Bytes (670040064)
2024-04-22 21:49:17,392 [INFO] UtilMem:75 - End SaveConfig() Used Memory: 381903088 Bytes (670040064)
2024-04-22 21:49:17,493 [INFO] BlockDiagram:2759 - set Specific Code input for plugin: NVIC
2024-04-22 21:49:17,494 [INFO] BlockDiagram:2759 - set Specific Code input for plugin: USART
2024-04-22 21:49:17,494 [INFO] BlockDiagram:2759 - set Specific Code input for plugin: TIM6_7F0
2024-04-22 21:49:17,494 [INFO] BlockDiagram:2759 - set Specific Code input for plugin: TIM1_8F0
2024-04-22 21:49:17,494 [INFO] BlockDiagram:2759 - set Specific Code input for plugin: TIM1_8F0
2024-04-22 21:49:17,494 [INFO] BlockDiagram:2759 - set Specific Code input for plugin: TIM1_8F0
2024-04-22 21:49:17,494 [INFO] BlockDiagram:2759 - set Specific Code input for plugin: SYS
2024-04-22 21:49:17,494 [INFO] BlockDiagram:2759 - set Specific Code input for plugin: GPIO
2024-04-22 21:49:17,494 [INFO] BlockDiagram:2759 - set Specific Code input for plugin: RCC
2024-04-22 21:49:17,495 [INFO] CodeGenerator:807 - code generatio: config db path: C:\ST\STM32CubeIDE_1.14.1\STM32CubeIDE\plugins\com.st.stm32cube.common.mx_6.11.0.202403141607\\db\
2024-04-22 21:49:17,561 [INFO] CodeEngine:255 - oldGeneratedFile, C:\Users\alise\Desktop\STM\workspace\F0\PWM_TEST\MXTmpFiles\license.tmp_save
2024-04-22 21:49:17,619 [INFO] CodeEngine:279 - Generated code: C:\Users\alise\Desktop\STM\workspace\F0\PWM_TEST\MXTmpFiles\license.tmp
2024-04-22 21:49:17,636 [INFO] CodeEngine:255 - oldGeneratedFile, C:\Users\alise\Desktop\STM\workspace\F0\PWM_TEST\MXTmpFiles\gpio.tmp_save
2024-04-22 21:49:17,705 [INFO] CodeEngine:279 - Generated code: C:\Users\alise\Desktop\STM\workspace\F0\PWM_TEST\MXTmpFiles\gpio.tmp
2024-04-22 21:49:17,798 [INFO] CodeEngine:255 - oldGeneratedFile, C:\Users\alise\Desktop\STM\workspace\F0\PWM_TEST\Core\Src\stm32f0xx_it.c_save
2024-04-22 21:49:17,867 [INFO] CodeEngine:279 - Generated code: C:\Users\alise\Desktop\STM\workspace\F0\PWM_TEST\Core\Src\stm32f0xx_it.c
2024-04-22 21:49:17,871 [INFO] CodeEngine:255 - oldGeneratedFile, C:\Users\alise\Desktop\STM\workspace\F0\PWM_TEST\Core\Inc\stm32f0xx_it.h_save
2024-04-22 21:49:17,922 [INFO] CodeEngine:279 - Generated code: C:\Users\alise\Desktop\STM\workspace\F0\PWM_TEST\Core\Inc\stm32f0xx_it.h
2024-04-22 21:49:17,936 [INFO] CodeEngine:255 - oldGeneratedFile, C:\Users\alise\Desktop\STM\workspace\F0\PWM_TEST\Core\Src\stm32f0xx_hal_msp.c_save
2024-04-22 21:49:18,030 [INFO] CodeEngine:279 - Generated code: C:\Users\alise\Desktop\STM\workspace\F0\PWM_TEST\Core\Src\stm32f0xx_hal_msp.c
2024-04-22 21:49:18,041 [INFO] CodeEngine:255 - oldGeneratedFile, C:\Users\alise\Desktop\STM\workspace\F0\PWM_TEST\MXTmpFiles\system.tmp_save
2024-04-22 21:49:18,095 [INFO] CodeEngine:279 - Generated code: C:\Users\alise\Desktop\STM\workspace\F0\PWM_TEST\MXTmpFiles\system.tmp
2024-04-22 21:49:18,112 [INFO] CodeEngine:311 - oldGeneratedFile, C:\Users\alise\Desktop\STM\workspace\F0\PWM_TEST\Core\Inc\stm32f0xx_hal_conf.h_save
2024-04-22 21:49:18,205 [INFO] CodeEngine:335 - Generated code: C:\Users\alise\Desktop\STM\workspace\F0\PWM_TEST\Core\Inc\stm32f0xx_hal_conf.h
2024-04-22 21:49:18,218 [WARN] IPConfigManager:3513 - IP not found : TIM
2024-04-22 21:49:18,218 [WARN] CodeGenerator:3951 - IP not found : null
2024-04-22 21:49:18,231 [INFO] CodeEngine:255 - oldGeneratedFile, C:\Users\alise\Desktop\STM\workspace\F0\PWM_TEST\Core\Inc\main.h_save
2024-04-22 21:49:18,283 [INFO] CodeEngine:279 - Generated code: C:\Users\alise\Desktop\STM\workspace\F0\PWM_TEST\Core\Inc\main.h
2024-04-22 21:49:18,292 [INFO] CodeEngine:255 - oldGeneratedFile, C:\Users\alise\Desktop\STM\workspace\F0\PWM_TEST\Core\Src\main.c_save
2024-04-22 21:49:18,399 [INFO] CodeEngine:279 - Generated code: C:\Users\alise\Desktop\STM\workspace\F0\PWM_TEST\Core\Src\main.c
2024-04-22 21:49:18,662 [INFO] ProjectBuilder:3163 - Time for Copy HAL[1] : 93mS.
2024-04-22 21:49:18,664 [INFO] ProjectBuilder:4736 - Project Generator version: 4.3.0-B58
2024-04-22 21:49:18,716 [INFO] ConfigFileManager:1503 - The Die is : DIE440
2024-04-22 21:49:19,298 [INFO] ProjectBuilder:5002 - Time for Generating toolchain IDE Files: 634mS.
2024-04-22 21:49:19,299 [INFO] ProjectBuilder:3034 - Time for Copy CMSIS : 1mS.
2024-04-22 21:49:19,301 [INFO] ProjectBuilder:3034 - Time for Copy CMSIS : 0mS.
2024-04-22 22:50:31,636 [INFO] Gpio:277 - dependency for GPIO [RCC, SYS, TIM3, USART2]
2024-04-22 22:50:31,660 [INFO] NvicIntPanel:101 - NVIC parent = com.st.microxplorer.plugins.ip.nvic.MultiNvicIntPanel[,0,0,0x0,invalid,layout=javax.swing.BoxLayout,alignmentX=0.0,alignmentY=0.0,border=,flags=9,maximumSize=,minimumSize=,preferredSize=]
2024-04-22 22:51:05,041 [INFO] UtilMem:75 - End SaveConfig() Used Memory: 454749944 Bytes (713031680)
2024-04-22 22:51:05,986 [INFO] UtilMem:75 - End SaveConfig() Used Memory: 478686968 Bytes (713031680)
2024-04-22 22:51:06,922 [INFO] UtilMem:75 - End SaveConfig() Used Memory: 528748736 Bytes (713031680)
2024-04-22 22:51:07,040 [INFO] BlockDiagram:2759 - set Specific Code input for plugin: NVIC
2024-04-22 22:51:07,040 [INFO] BlockDiagram:2759 - set Specific Code input for plugin: USART
2024-04-22 22:51:07,040 [INFO] BlockDiagram:2759 - set Specific Code input for plugin: TIM6_7F0
2024-04-22 22:51:07,040 [INFO] BlockDiagram:2759 - set Specific Code input for plugin: TIM1_8F0
2024-04-22 22:51:07,040 [INFO] BlockDiagram:2759 - set Specific Code input for plugin: TIM1_8F0
2024-04-22 22:51:07,040 [INFO] BlockDiagram:2759 - set Specific Code input for plugin: TIM1_8F0
2024-04-22 22:51:07,040 [INFO] BlockDiagram:2759 - set Specific Code input for plugin: SYS
2024-04-22 22:51:07,041 [INFO] BlockDiagram:2759 - set Specific Code input for plugin: GPIO
2024-04-22 22:51:07,041 [INFO] BlockDiagram:2759 - set Specific Code input for plugin: RCC
2024-04-22 22:51:07,041 [INFO] CodeGenerator:807 - code generatio: config db path: C:\ST\STM32CubeIDE_1.14.1\STM32CubeIDE\plugins\com.st.stm32cube.common.mx_6.11.0.202403141607\\db\
2024-04-22 22:51:07,110 [INFO] CodeEngine:255 - oldGeneratedFile, C:\Users\alise\Desktop\STM\workspace\F0\PWM_TEST\MXTmpFiles\license.tmp_save
2024-04-22 22:51:07,191 [INFO] CodeEngine:279 - Generated code: C:\Users\alise\Desktop\STM\workspace\F0\PWM_TEST\MXTmpFiles\license.tmp
2024-04-22 22:51:07,216 [INFO] CodeEngine:255 - oldGeneratedFile, C:\Users\alise\Desktop\STM\workspace\F0\PWM_TEST\MXTmpFiles\gpio.tmp_save
2024-04-22 22:51:07,286 [INFO] CodeEngine:279 - Generated code: C:\Users\alise\Desktop\STM\workspace\F0\PWM_TEST\MXTmpFiles\gpio.tmp
2024-04-22 22:51:07,386 [INFO] CodeEngine:255 - oldGeneratedFile, C:\Users\alise\Desktop\STM\workspace\F0\PWM_TEST\Core\Src\stm32f0xx_it.c_save
2024-04-22 22:51:07,492 [INFO] CodeEngine:279 - Generated code: C:\Users\alise\Desktop\STM\workspace\F0\PWM_TEST\Core\Src\stm32f0xx_it.c
2024-04-22 22:51:07,500 [INFO] CodeEngine:255 - oldGeneratedFile, C:\Users\alise\Desktop\STM\workspace\F0\PWM_TEST\Core\Inc\stm32f0xx_it.h_save
2024-04-22 22:51:07,546 [INFO] CodeEngine:279 - Generated code: C:\Users\alise\Desktop\STM\workspace\F0\PWM_TEST\Core\Inc\stm32f0xx_it.h
2024-04-22 22:51:07,562 [INFO] CodeEngine:255 - oldGeneratedFile, C:\Users\alise\Desktop\STM\workspace\F0\PWM_TEST\Core\Src\stm32f0xx_hal_msp.c_save
2024-04-22 22:51:07,647 [INFO] CodeEngine:279 - Generated code: C:\Users\alise\Desktop\STM\workspace\F0\PWM_TEST\Core\Src\stm32f0xx_hal_msp.c
2024-04-22 22:51:07,654 [INFO] CodeEngine:255 - oldGeneratedFile, C:\Users\alise\Desktop\STM\workspace\F0\PWM_TEST\MXTmpFiles\system.tmp_save
2024-04-22 22:51:07,691 [INFO] CodeEngine:279 - Generated code: C:\Users\alise\Desktop\STM\workspace\F0\PWM_TEST\MXTmpFiles\system.tmp
2024-04-22 22:51:07,703 [INFO] CodeEngine:311 - oldGeneratedFile, C:\Users\alise\Desktop\STM\workspace\F0\PWM_TEST\Core\Inc\stm32f0xx_hal_conf.h_save
2024-04-22 22:51:07,769 [INFO] CodeEngine:335 - Generated code: C:\Users\alise\Desktop\STM\workspace\F0\PWM_TEST\Core\Inc\stm32f0xx_hal_conf.h
2024-04-22 22:51:07,780 [WARN] IPConfigManager:3513 - IP not found : TIM
2024-04-22 22:51:07,781 [WARN] CodeGenerator:3951 - IP not found : null
2024-04-22 22:51:07,793 [INFO] CodeEngine:255 - oldGeneratedFile, C:\Users\alise\Desktop\STM\workspace\F0\PWM_TEST\Core\Inc\main.h_save
2024-04-22 22:51:07,871 [INFO] CodeEngine:279 - Generated code: C:\Users\alise\Desktop\STM\workspace\F0\PWM_TEST\Core\Inc\main.h
2024-04-22 22:51:07,885 [INFO] CodeEngine:255 - oldGeneratedFile, C:\Users\alise\Desktop\STM\workspace\F0\PWM_TEST\Core\Src\main.c_save
2024-04-22 22:51:08,011 [INFO] CodeEngine:279 - Generated code: C:\Users\alise\Desktop\STM\workspace\F0\PWM_TEST\Core\Src\main.c
2024-04-22 22:51:08,231 [INFO] ProjectBuilder:3163 - Time for Copy HAL[1] : 91mS.
2024-04-22 22:51:08,234 [INFO] ProjectBuilder:4736 - Project Generator version: 4.3.0-B58
2024-04-22 22:51:08,296 [INFO] ConfigFileManager:1503 - The Die is : DIE440
2024-04-22 22:51:08,975 [INFO] ProjectBuilder:5002 - Time for Generating toolchain IDE Files: 741mS.
2024-04-22 22:51:08,975 [INFO] ProjectBuilder:3034 - Time for Copy CMSIS : 0mS.
2024-04-22 22:51:08,979 [INFO] ProjectBuilder:3034 - Time for Copy CMSIS : 0mS.
2024-04-22 23:00:55,479 [INFO] UtilMem:75 - End SaveConfig() Used Memory: 391356376 Bytes (713031680)
2024-04-22 23:00:56,555 [INFO] UtilMem:75 - End SaveConfig() Used Memory: 424578400 Bytes (713031680)
2024-04-22 23:00:57,373 [INFO] UtilMem:75 - End SaveConfig() Used Memory: 479436760 Bytes (713031680)
2024-04-22 23:00:57,525 [INFO] BlockDiagram:2759 - set Specific Code input for plugin: NVIC
2024-04-22 23:00:57,525 [INFO] BlockDiagram:2759 - set Specific Code input for plugin: USART
2024-04-22 23:00:57,525 [INFO] BlockDiagram:2759 - set Specific Code input for plugin: TIM6_7F0
2024-04-22 23:00:57,525 [INFO] BlockDiagram:2759 - set Specific Code input for plugin: TIM1_8F0
2024-04-22 23:00:57,525 [INFO] BlockDiagram:2759 - set Specific Code input for plugin: TIM1_8F0
2024-04-22 23:00:57,525 [INFO] BlockDiagram:2759 - set Specific Code input for plugin: TIM1_8F0
2024-04-22 23:00:57,525 [INFO] BlockDiagram:2759 - set Specific Code input for plugin: SYS
2024-04-22 23:00:57,526 [INFO] BlockDiagram:2759 - set Specific Code input for plugin: GPIO
2024-04-22 23:00:57,526 [INFO] BlockDiagram:2759 - set Specific Code input for plugin: RCC
2024-04-22 23:00:57,527 [INFO] CodeGenerator:807 - code generatio: config db path: C:\ST\STM32CubeIDE_1.14.1\STM32CubeIDE\plugins\com.st.stm32cube.common.mx_6.11.0.202403141607\\db\
2024-04-22 23:00:57,633 [INFO] CodeEngine:255 - oldGeneratedFile, C:\Users\alise\Desktop\STM\workspace\F0\PWM_TEST\MXTmpFiles\license.tmp_save
2024-04-22 23:00:57,686 [INFO] CodeEngine:279 - Generated code: C:\Users\alise\Desktop\STM\workspace\F0\PWM_TEST\MXTmpFiles\license.tmp
2024-04-22 23:00:57,703 [INFO] CodeEngine:255 - oldGeneratedFile, C:\Users\alise\Desktop\STM\workspace\F0\PWM_TEST\MXTmpFiles\gpio.tmp_save
2024-04-22 23:00:57,768 [INFO] CodeEngine:279 - Generated code: C:\Users\alise\Desktop\STM\workspace\F0\PWM_TEST\MXTmpFiles\gpio.tmp
2024-04-22 23:00:57,874 [INFO] CodeEngine:255 - oldGeneratedFile, C:\Users\alise\Desktop\STM\workspace\F0\PWM_TEST\Core\Src\stm32f0xx_it.c_save
2024-04-22 23:00:57,939 [INFO] CodeEngine:279 - Generated code: C:\Users\alise\Desktop\STM\workspace\F0\PWM_TEST\Core\Src\stm32f0xx_it.c
2024-04-22 23:00:57,944 [INFO] CodeEngine:255 - oldGeneratedFile, C:\Users\alise\Desktop\STM\workspace\F0\PWM_TEST\Core\Inc\stm32f0xx_it.h_save
2024-04-22 23:00:57,999 [INFO] CodeEngine:279 - Generated code: C:\Users\alise\Desktop\STM\workspace\F0\PWM_TEST\Core\Inc\stm32f0xx_it.h
2024-04-22 23:00:58,019 [INFO] CodeEngine:255 - oldGeneratedFile, C:\Users\alise\Desktop\STM\workspace\F0\PWM_TEST\Core\Src\stm32f0xx_hal_msp.c_save
2024-04-22 23:00:58,136 [INFO] CodeEngine:279 - Generated code: C:\Users\alise\Desktop\STM\workspace\F0\PWM_TEST\Core\Src\stm32f0xx_hal_msp.c
2024-04-22 23:00:58,147 [INFO] CodeEngine:255 - oldGeneratedFile, C:\Users\alise\Desktop\STM\workspace\F0\PWM_TEST\MXTmpFiles\system.tmp_save
2024-04-22 23:00:58,201 [INFO] CodeEngine:279 - Generated code: C:\Users\alise\Desktop\STM\workspace\F0\PWM_TEST\MXTmpFiles\system.tmp
2024-04-22 23:00:58,219 [INFO] CodeEngine:311 - oldGeneratedFile, C:\Users\alise\Desktop\STM\workspace\F0\PWM_TEST\Core\Inc\stm32f0xx_hal_conf.h_save
2024-04-22 23:00:58,307 [INFO] CodeEngine:335 - Generated code: C:\Users\alise\Desktop\STM\workspace\F0\PWM_TEST\Core\Inc\stm32f0xx_hal_conf.h
2024-04-22 23:00:58,323 [WARN] IPConfigManager:3513 - IP not found : TIM
2024-04-22 23:00:58,323 [WARN] CodeGenerator:3951 - IP not found : null
2024-04-22 23:00:58,336 [INFO] CodeEngine:255 - oldGeneratedFile, C:\Users\alise\Desktop\STM\workspace\F0\PWM_TEST\Core\Inc\main.h_save
2024-04-22 23:00:58,399 [INFO] CodeEngine:279 - Generated code: C:\Users\alise\Desktop\STM\workspace\F0\PWM_TEST\Core\Inc\main.h
2024-04-22 23:00:58,409 [INFO] CodeEngine:255 - oldGeneratedFile, C:\Users\alise\Desktop\STM\workspace\F0\PWM_TEST\Core\Src\main.c_save
2024-04-22 23:00:58,503 [INFO] CodeEngine:279 - Generated code: C:\Users\alise\Desktop\STM\workspace\F0\PWM_TEST\Core\Src\main.c
2024-04-22 23:00:58,690 [INFO] ProjectBuilder:3163 - Time for Copy HAL[1] : 82mS.
2024-04-22 23:00:58,693 [INFO] ProjectBuilder:4736 - Project Generator version: 4.3.0-B58
2024-04-22 23:00:58,757 [INFO] ConfigFileManager:1503 - The Die is : DIE440
2024-04-22 23:00:59,298 [INFO] ProjectBuilder:5002 - Time for Generating toolchain IDE Files: 606mS.
2024-04-22 23:00:59,299 [INFO] ProjectBuilder:3034 - Time for Copy CMSIS : 0mS.
2024-04-22 23:00:59,301 [INFO] ProjectBuilder:3034 - Time for Copy CMSIS : 0mS.
2024-04-22 23:03:17,798 [INFO] UtilMem:75 - End SaveConfig() Used Memory: 330951968 Bytes (713031680)
2024-04-22 23:03:18,681 [INFO] UtilMem:75 - End SaveConfig() Used Memory: 358548904 Bytes (713031680)
2024-04-22 23:03:21,026 [INFO] UtilMem:75 - End SaveConfig() Used Memory: 461991568 Bytes (713031680)
2024-04-22 23:03:21,137 [INFO] BlockDiagram:2759 - set Specific Code input for plugin: NVIC
2024-04-22 23:03:21,137 [INFO] BlockDiagram:2759 - set Specific Code input for plugin: USART
2024-04-22 23:03:21,137 [INFO] BlockDiagram:2759 - set Specific Code input for plugin: TIM6_7F0
2024-04-22 23:03:21,137 [INFO] BlockDiagram:2759 - set Specific Code input for plugin: TIM1_8F0
2024-04-22 23:03:21,137 [INFO] BlockDiagram:2759 - set Specific Code input for plugin: TIM1_8F0
2024-04-22 23:03:21,137 [INFO] BlockDiagram:2759 - set Specific Code input for plugin: TIM1_8F0
2024-04-22 23:03:21,137 [INFO] BlockDiagram:2759 - set Specific Code input for plugin: SYS
2024-04-22 23:03:21,137 [INFO] BlockDiagram:2759 - set Specific Code input for plugin: GPIO
2024-04-22 23:03:21,137 [INFO] BlockDiagram:2759 - set Specific Code input for plugin: RCC
2024-04-22 23:03:21,138 [INFO] CodeGenerator:807 - code generatio: config db path: C:\ST\STM32CubeIDE_1.14.1\STM32CubeIDE\plugins\com.st.stm32cube.common.mx_6.11.0.202403141607\\db\
2024-04-22 23:03:21,202 [INFO] CodeEngine:255 - oldGeneratedFile, C:\Users\alise\Desktop\STM\workspace\F0\PWM_TEST\MXTmpFiles\license.tmp_save
2024-04-22 23:03:21,260 [INFO] CodeEngine:279 - Generated code: C:\Users\alise\Desktop\STM\workspace\F0\PWM_TEST\MXTmpFiles\license.tmp
2024-04-22 23:03:21,277 [INFO] CodeEngine:255 - oldGeneratedFile, C:\Users\alise\Desktop\STM\workspace\F0\PWM_TEST\MXTmpFiles\gpio.tmp_save
2024-04-22 23:03:21,343 [INFO] CodeEngine:279 - Generated code: C:\Users\alise\Desktop\STM\workspace\F0\PWM_TEST\MXTmpFiles\gpio.tmp
2024-04-22 23:03:21,457 [INFO] CodeEngine:255 - oldGeneratedFile, C:\Users\alise\Desktop\STM\workspace\F0\PWM_TEST\Core\Src\stm32f0xx_it.c_save
2024-04-22 23:03:21,522 [INFO] CodeEngine:279 - Generated code: C:\Users\alise\Desktop\STM\workspace\F0\PWM_TEST\Core\Src\stm32f0xx_it.c
2024-04-22 23:03:21,527 [INFO] CodeEngine:255 - oldGeneratedFile, C:\Users\alise\Desktop\STM\workspace\F0\PWM_TEST\Core\Inc\stm32f0xx_it.h_save
2024-04-22 23:03:21,566 [INFO] CodeEngine:279 - Generated code: C:\Users\alise\Desktop\STM\workspace\F0\PWM_TEST\Core\Inc\stm32f0xx_it.h
2024-04-22 23:03:21,583 [INFO] CodeEngine:255 - oldGeneratedFile, C:\Users\alise\Desktop\STM\workspace\F0\PWM_TEST\Core\Src\stm32f0xx_hal_msp.c_save
2024-04-22 23:03:21,671 [INFO] CodeEngine:279 - Generated code: C:\Users\alise\Desktop\STM\workspace\F0\PWM_TEST\Core\Src\stm32f0xx_hal_msp.c
2024-04-22 23:03:21,679 [INFO] CodeEngine:255 - oldGeneratedFile, C:\Users\alise\Desktop\STM\workspace\F0\PWM_TEST\MXTmpFiles\system.tmp_save
2024-04-22 23:03:21,720 [INFO] CodeEngine:279 - Generated code: C:\Users\alise\Desktop\STM\workspace\F0\PWM_TEST\MXTmpFiles\system.tmp
2024-04-22 23:03:21,737 [INFO] CodeEngine:311 - oldGeneratedFile, C:\Users\alise\Desktop\STM\workspace\F0\PWM_TEST\Core\Inc\stm32f0xx_hal_conf.h_save
2024-04-22 23:03:21,832 [INFO] CodeEngine:335 - Generated code: C:\Users\alise\Desktop\STM\workspace\F0\PWM_TEST\Core\Inc\stm32f0xx_hal_conf.h
2024-04-22 23:03:21,846 [WARN] IPConfigManager:3513 - IP not found : TIM
2024-04-22 23:03:21,846 [WARN] CodeGenerator:3951 - IP not found : null
2024-04-22 23:03:21,861 [INFO] CodeEngine:255 - oldGeneratedFile, C:\Users\alise\Desktop\STM\workspace\F0\PWM_TEST\Core\Inc\main.h_save
2024-04-22 23:03:21,921 [INFO] CodeEngine:279 - Generated code: C:\Users\alise\Desktop\STM\workspace\F0\PWM_TEST\Core\Inc\main.h
2024-04-22 23:03:21,930 [INFO] CodeEngine:255 - oldGeneratedFile, C:\Users\alise\Desktop\STM\workspace\F0\PWM_TEST\Core\Src\main.c_save
2024-04-22 23:03:22,021 [INFO] CodeEngine:279 - Generated code: C:\Users\alise\Desktop\STM\workspace\F0\PWM_TEST\Core\Src\main.c
2024-04-22 23:03:22,293 [INFO] ProjectBuilder:3163 - Time for Copy HAL[1] : 92mS.
2024-04-22 23:03:22,296 [INFO] ProjectBuilder:4736 - Project Generator version: 4.3.0-B58
2024-04-22 23:03:22,351 [INFO] ConfigFileManager:1503 - The Die is : DIE440
2024-04-22 23:03:22,840 [INFO] ProjectBuilder:5002 - Time for Generating toolchain IDE Files: 545mS.
2024-04-22 23:03:22,841 [INFO] ProjectBuilder:3034 - Time for Copy CMSIS : 1mS.
2024-04-22 23:03:22,844 [INFO] ProjectBuilder:3034 - Time for Copy CMSIS : 0mS.
2024-04-22 23:05:25,953 [INFO] UtilMem:75 - End SaveConfig() Used Memory: 391476160 Bytes (713031680)
2024-04-22 23:05:26,632 [INFO] UtilMem:75 - End SaveConfig() Used Memory: 419743888 Bytes (713031680)
2024-04-22 23:05:27,529 [INFO] UtilMem:75 - End SaveConfig() Used Memory: 474792080 Bytes (713031680)
2024-04-22 23:05:27,652 [INFO] BlockDiagram:2759 - set Specific Code input for plugin: NVIC
2024-04-22 23:05:27,652 [INFO] BlockDiagram:2759 - set Specific Code input for plugin: USART
2024-04-22 23:05:27,652 [INFO] BlockDiagram:2759 - set Specific Code input for plugin: TIM6_7F0
2024-04-22 23:05:27,652 [INFO] BlockDiagram:2759 - set Specific Code input for plugin: TIM1_8F0
2024-04-22 23:05:27,652 [INFO] BlockDiagram:2759 - set Specific Code input for plugin: TIM1_8F0
2024-04-22 23:05:27,652 [INFO] BlockDiagram:2759 - set Specific Code input for plugin: TIM1_8F0
2024-04-22 23:05:27,652 [INFO] BlockDiagram:2759 - set Specific Code input for plugin: SYS
2024-04-22 23:05:27,653 [INFO] BlockDiagram:2759 - set Specific Code input for plugin: GPIO
2024-04-22 23:05:27,653 [INFO] BlockDiagram:2759 - set Specific Code input for plugin: RCC
2024-04-22 23:05:27,653 [INFO] CodeGenerator:807 - code generatio: config db path: C:\ST\STM32CubeIDE_1.14.1\STM32CubeIDE\plugins\com.st.stm32cube.common.mx_6.11.0.202403141607\\db\
2024-04-22 23:05:27,722 [INFO] CodeEngine:255 - oldGeneratedFile, C:\Users\alise\Desktop\STM\workspace\F0\PWM_TEST\MXTmpFiles\license.tmp_save
2024-04-22 23:05:27,788 [INFO] CodeEngine:279 - Generated code: C:\Users\alise\Desktop\STM\workspace\F0\PWM_TEST\MXTmpFiles\license.tmp
2024-04-22 23:05:27,805 [INFO] CodeEngine:255 - oldGeneratedFile, C:\Users\alise\Desktop\STM\workspace\F0\PWM_TEST\MXTmpFiles\gpio.tmp_save
2024-04-22 23:05:27,863 [INFO] CodeEngine:279 - Generated code: C:\Users\alise\Desktop\STM\workspace\F0\PWM_TEST\MXTmpFiles\gpio.tmp
2024-04-22 23:05:27,977 [INFO] CodeEngine:255 - oldGeneratedFile, C:\Users\alise\Desktop\STM\workspace\F0\PWM_TEST\Core\Src\stm32f0xx_it.c_save
2024-04-22 23:05:28,039 [INFO] CodeEngine:279 - Generated code: C:\Users\alise\Desktop\STM\workspace\F0\PWM_TEST\Core\Src\stm32f0xx_it.c
2024-04-22 23:05:28,043 [INFO] CodeEngine:255 - oldGeneratedFile, C:\Users\alise\Desktop\STM\workspace\F0\PWM_TEST\Core\Inc\stm32f0xx_it.h_save
2024-04-22 23:05:28,098 [INFO] CodeEngine:279 - Generated code: C:\Users\alise\Desktop\STM\workspace\F0\PWM_TEST\Core\Inc\stm32f0xx_it.h
2024-04-22 23:05:28,113 [INFO] CodeEngine:255 - oldGeneratedFile, C:\Users\alise\Desktop\STM\workspace\F0\PWM_TEST\Core\Src\stm32f0xx_hal_msp.c_save
2024-04-22 23:05:28,195 [INFO] CodeEngine:279 - Generated code: C:\Users\alise\Desktop\STM\workspace\F0\PWM_TEST\Core\Src\stm32f0xx_hal_msp.c
2024-04-22 23:05:28,202 [INFO] CodeEngine:255 - oldGeneratedFile, C:\Users\alise\Desktop\STM\workspace\F0\PWM_TEST\MXTmpFiles\system.tmp_save
2024-04-22 23:05:28,239 [INFO] CodeEngine:279 - Generated code: C:\Users\alise\Desktop\STM\workspace\F0\PWM_TEST\MXTmpFiles\system.tmp
2024-04-22 23:05:28,250 [INFO] CodeEngine:311 - oldGeneratedFile, C:\Users\alise\Desktop\STM\workspace\F0\PWM_TEST\Core\Inc\stm32f0xx_hal_conf.h_save
2024-04-22 23:05:28,320 [INFO] CodeEngine:335 - Generated code: C:\Users\alise\Desktop\STM\workspace\F0\PWM_TEST\Core\Inc\stm32f0xx_hal_conf.h
2024-04-22 23:05:28,331 [WARN] IPConfigManager:3513 - IP not found : TIM
2024-04-22 23:05:28,331 [WARN] CodeGenerator:3951 - IP not found : null
2024-04-22 23:05:28,342 [INFO] CodeEngine:255 - oldGeneratedFile, C:\Users\alise\Desktop\STM\workspace\F0\PWM_TEST\Core\Inc\main.h_save
2024-04-22 23:05:28,404 [INFO] CodeEngine:279 - Generated code: C:\Users\alise\Desktop\STM\workspace\F0\PWM_TEST\Core\Inc\main.h
2024-04-22 23:05:28,415 [INFO] CodeEngine:255 - oldGeneratedFile, C:\Users\alise\Desktop\STM\workspace\F0\PWM_TEST\Core\Src\main.c_save
2024-04-22 23:05:28,508 [INFO] CodeEngine:279 - Generated code: C:\Users\alise\Desktop\STM\workspace\F0\PWM_TEST\Core\Src\main.c
2024-04-22 23:05:28,838 [INFO] ProjectBuilder:3163 - Time for Copy HAL[1] : 102mS.
2024-04-22 23:05:28,840 [INFO] ProjectBuilder:4736 - Project Generator version: 4.3.0-B58
2024-04-22 23:05:28,899 [INFO] ConfigFileManager:1503 - The Die is : DIE440
2024-04-22 23:05:29,437 [INFO] ProjectBuilder:5002 - Time for Generating toolchain IDE Files: 596mS.
2024-04-22 23:05:29,437 [INFO] ProjectBuilder:3034 - Time for Copy CMSIS : 0mS.
2024-04-22 23:05:29,441 [INFO] ProjectBuilder:3034 - Time for Copy CMSIS : 1mS.
2024-04-22 23:07:21,004 [INFO] Gpio:277 - dependency for GPIO [RCC, SYS, TIM3, USART2]
2024-04-22 23:07:21,028 [INFO] NvicIntPanel:101 - NVIC parent = com.st.microxplorer.plugins.ip.nvic.MultiNvicIntPanel[,0,0,0x0,invalid,layout=javax.swing.BoxLayout,alignmentX=0.0,alignmentY=0.0,border=,flags=9,maximumSize=,minimumSize=,preferredSize=]
2024-04-22 23:07:21,849 [INFO] UtilMem:75 - End SaveConfig() Used Memory: 363285120 Bytes (801112064)
2024-04-22 23:07:22,497 [INFO] UtilMem:75 - End SaveConfig() Used Memory: 387656560 Bytes (801112064)
2024-04-22 23:07:23,218 [INFO] UtilMem:75 - End SaveConfig() Used Memory: 461660424 Bytes (801112064)
2024-04-22 23:07:23,326 [INFO] BlockDiagram:2759 - set Specific Code input for plugin: NVIC
2024-04-22 23:07:23,326 [INFO] BlockDiagram:2759 - set Specific Code input for plugin: USART
2024-04-22 23:07:23,326 [INFO] BlockDiagram:2759 - set Specific Code input for plugin: TIM6_7F0
2024-04-22 23:07:23,326 [INFO] BlockDiagram:2759 - set Specific Code input for plugin: TIM1_8F0
2024-04-22 23:07:23,326 [INFO] BlockDiagram:2759 - set Specific Code input for plugin: TIM1_8F0
2024-04-22 23:07:23,326 [INFO] BlockDiagram:2759 - set Specific Code input for plugin: TIM1_8F0
2024-04-22 23:07:23,326 [INFO] BlockDiagram:2759 - set Specific Code input for plugin: SYS
2024-04-22 23:07:23,326 [INFO] BlockDiagram:2759 - set Specific Code input for plugin: GPIO
2024-04-22 23:07:23,326 [INFO] BlockDiagram:2759 - set Specific Code input for plugin: RCC
2024-04-22 23:07:23,327 [INFO] CodeGenerator:807 - code generatio: config db path: C:\ST\STM32CubeIDE_1.14.1\STM32CubeIDE\plugins\com.st.stm32cube.common.mx_6.11.0.202403141607\\db\
2024-04-22 23:07:23,398 [INFO] CodeEngine:255 - oldGeneratedFile, C:\Users\alise\Desktop\STM\workspace\F0\PWM_TEST\MXTmpFiles\license.tmp_save
2024-04-22 23:07:23,455 [INFO] CodeEngine:279 - Generated code: C:\Users\alise\Desktop\STM\workspace\F0\PWM_TEST\MXTmpFiles\license.tmp
2024-04-22 23:07:23,471 [INFO] CodeEngine:255 - oldGeneratedFile, C:\Users\alise\Desktop\STM\workspace\F0\PWM_TEST\MXTmpFiles\gpio.tmp_save
2024-04-22 23:07:23,536 [INFO] CodeEngine:279 - Generated code: C:\Users\alise\Desktop\STM\workspace\F0\PWM_TEST\MXTmpFiles\gpio.tmp
2024-04-22 23:07:23,621 [INFO] CodeEngine:255 - oldGeneratedFile, C:\Users\alise\Desktop\STM\workspace\F0\PWM_TEST\Core\Src\stm32f0xx_it.c_save
2024-04-22 23:07:23,675 [INFO] CodeEngine:279 - Generated code: C:\Users\alise\Desktop\STM\workspace\F0\PWM_TEST\Core\Src\stm32f0xx_it.c
2024-04-22 23:07:23,680 [INFO] CodeEngine:255 - oldGeneratedFile, C:\Users\alise\Desktop\STM\workspace\F0\PWM_TEST\Core\Inc\stm32f0xx_it.h_save
2024-04-22 23:07:23,724 [INFO] CodeEngine:279 - Generated code: C:\Users\alise\Desktop\STM\workspace\F0\PWM_TEST\Core\Inc\stm32f0xx_it.h
2024-04-22 23:07:23,740 [INFO] CodeEngine:255 - oldGeneratedFile, C:\Users\alise\Desktop\STM\workspace\F0\PWM_TEST\Core\Src\stm32f0xx_hal_msp.c_save
2024-04-22 23:07:23,825 [INFO] CodeEngine:279 - Generated code: C:\Users\alise\Desktop\STM\workspace\F0\PWM_TEST\Core\Src\stm32f0xx_hal_msp.c
2024-04-22 23:07:23,833 [INFO] CodeEngine:255 - oldGeneratedFile, C:\Users\alise\Desktop\STM\workspace\F0\PWM_TEST\MXTmpFiles\system.tmp_save
2024-04-22 23:07:23,871 [INFO] CodeEngine:279 - Generated code: C:\Users\alise\Desktop\STM\workspace\F0\PWM_TEST\MXTmpFiles\system.tmp
2024-04-22 23:07:23,886 [INFO] CodeEngine:311 - oldGeneratedFile, C:\Users\alise\Desktop\STM\workspace\F0\PWM_TEST\Core\Inc\stm32f0xx_hal_conf.h_save
2024-04-22 23:07:23,995 [INFO] CodeEngine:335 - Generated code: C:\Users\alise\Desktop\STM\workspace\F0\PWM_TEST\Core\Inc\stm32f0xx_hal_conf.h
2024-04-22 23:07:24,012 [WARN] IPConfigManager:3513 - IP not found : TIM
2024-04-22 23:07:24,012 [WARN] CodeGenerator:3951 - IP not found : null
2024-04-22 23:07:24,028 [INFO] CodeEngine:255 - oldGeneratedFile, C:\Users\alise\Desktop\STM\workspace\F0\PWM_TEST\Core\Inc\main.h_save
2024-04-22 23:07:24,108 [INFO] CodeEngine:279 - Generated code: C:\Users\alise\Desktop\STM\workspace\F0\PWM_TEST\Core\Inc\main.h
2024-04-22 23:07:24,121 [INFO] CodeEngine:255 - oldGeneratedFile, C:\Users\alise\Desktop\STM\workspace\F0\PWM_TEST\Core\Src\main.c_save
2024-04-22 23:07:24,219 [INFO] CodeEngine:279 - Generated code: C:\Users\alise\Desktop\STM\workspace\F0\PWM_TEST\Core\Src\main.c
2024-04-22 23:07:24,518 [INFO] ProjectBuilder:3163 - Time for Copy HAL[1] : 119mS.
2024-04-22 23:07:24,521 [INFO] ProjectBuilder:4736 - Project Generator version: 4.3.0-B58
2024-04-22 23:07:24,592 [INFO] ConfigFileManager:1503 - The Die is : DIE440
2024-04-22 23:07:25,048 [INFO] ProjectBuilder:5002 - Time for Generating toolchain IDE Files: 527mS.
2024-04-22 23:07:25,049 [INFO] ProjectBuilder:3034 - Time for Copy CMSIS : 1mS.
2024-04-22 23:07:25,051 [INFO] ProjectBuilder:3034 - Time for Copy CMSIS : 1mS.
2024-04-22 23:26:14,856 [INFO] NvicIntPanel:101 - NVIC parent = com.st.microxplorer.plugins.ip.nvic.MultiNvicIntPanel[,0,0,572x185,layout=javax.swing.BoxLayout,alignmentX=0.0,alignmentY=0.0,border=,flags=9,maximumSize=,minimumSize=,preferredSize=]
2024-04-22 23:54:27,434 [INFO] Gpio:277 - dependency for GPIO [RCC, SYS, TIM3, USART2]
2024-04-22 23:54:44,301 [INFO] NvicIntPanel:101 - NVIC parent = com.st.microxplorer.plugins.ip.nvic.MultiNvicIntPanel[,2,27,571x467,layout=javax.swing.BoxLayout,alignmentX=0.0,alignmentY=0.0,border=,flags=9,maximumSize=,minimumSize=,preferredSize=]
2024-04-22 23:54:54,528 [INFO] UtilMem:75 - End SaveConfig() Used Memory: 419750896 Bytes (801112064)
2024-04-22 23:54:55,721 [INFO] UtilMem:75 - End SaveConfig() Used Memory: 453831664 Bytes (801112064)
2024-04-22 23:54:56,699 [INFO] UtilMem:75 - End SaveConfig() Used Memory: 509825200 Bytes (801112064)
2024-04-22 23:54:56,811 [INFO] BlockDiagram:2759 - set Specific Code input for plugin: NVIC
2024-04-22 23:54:56,811 [INFO] BlockDiagram:2759 - set Specific Code input for plugin: USART
2024-04-22 23:54:56,811 [INFO] BlockDiagram:2759 - set Specific Code input for plugin: TIM6_7F0
2024-04-22 23:54:56,811 [INFO] BlockDiagram:2759 - set Specific Code input for plugin: TIM1_8F0
2024-04-22 23:54:56,811 [INFO] BlockDiagram:2759 - set Specific Code input for plugin: TIM1_8F0
2024-04-22 23:54:56,811 [INFO] BlockDiagram:2759 - set Specific Code input for plugin: TIM1_8F0
2024-04-22 23:54:56,811 [INFO] BlockDiagram:2759 - set Specific Code input for plugin: SYS
2024-04-22 23:54:56,811 [INFO] BlockDiagram:2759 - set Specific Code input for plugin: GPIO
2024-04-22 23:54:56,811 [INFO] BlockDiagram:2759 - set Specific Code input for plugin: RCC
2024-04-22 23:54:56,812 [INFO] CodeGenerator:807 - code generatio: config db path: C:\ST\STM32CubeIDE_1.14.1\STM32CubeIDE\plugins\com.st.stm32cube.common.mx_6.11.0.202403141607\\db\
2024-04-22 23:54:56,875 [INFO] CodeEngine:255 - oldGeneratedFile, C:\Users\alise\Desktop\STM\workspace\F0\PWM_TEST\MXTmpFiles\license.tmp_save
2024-04-22 23:54:56,935 [INFO] CodeEngine:279 - Generated code: C:\Users\alise\Desktop\STM\workspace\F0\PWM_TEST\MXTmpFiles\license.tmp
2024-04-22 23:54:56,951 [INFO] CodeEngine:255 - oldGeneratedFile, C:\Users\alise\Desktop\STM\workspace\F0\PWM_TEST\MXTmpFiles\gpio.tmp_save
2024-04-22 23:54:57,011 [INFO] CodeEngine:279 - Generated code: C:\Users\alise\Desktop\STM\workspace\F0\PWM_TEST\MXTmpFiles\gpio.tmp
2024-04-22 23:54:57,099 [INFO] CodeEngine:255 - oldGeneratedFile, C:\Users\alise\Desktop\STM\workspace\F0\PWM_TEST\Core\Src\stm32f0xx_it.c_save
2024-04-22 23:54:57,196 [INFO] CodeEngine:279 - Generated code: C:\Users\alise\Desktop\STM\workspace\F0\PWM_TEST\Core\Src\stm32f0xx_it.c
2024-04-22 23:54:57,205 [INFO] CodeEngine:255 - oldGeneratedFile, C:\Users\alise\Desktop\STM\workspace\F0\PWM_TEST\Core\Inc\stm32f0xx_it.h_save
2024-04-22 23:54:57,249 [INFO] CodeEngine:279 - Generated code: C:\Users\alise\Desktop\STM\workspace\F0\PWM_TEST\Core\Inc\stm32f0xx_it.h
2024-04-22 23:54:57,268 [INFO] CodeEngine:255 - oldGeneratedFile, C:\Users\alise\Desktop\STM\workspace\F0\PWM_TEST\Core\Src\stm32f0xx_hal_msp.c_save
2024-04-22 23:54:57,350 [INFO] CodeEngine:279 - Generated code: C:\Users\alise\Desktop\STM\workspace\F0\PWM_TEST\Core\Src\stm32f0xx_hal_msp.c
2024-04-22 23:54:57,357 [INFO] CodeEngine:255 - oldGeneratedFile, C:\Users\alise\Desktop\STM\workspace\F0\PWM_TEST\MXTmpFiles\system.tmp_save
2024-04-22 23:54:57,398 [INFO] CodeEngine:279 - Generated code: C:\Users\alise\Desktop\STM\workspace\F0\PWM_TEST\MXTmpFiles\system.tmp
2024-04-22 23:54:57,413 [INFO] CodeEngine:311 - oldGeneratedFile, C:\Users\alise\Desktop\STM\workspace\F0\PWM_TEST\Core\Inc\stm32f0xx_hal_conf.h_save
2024-04-22 23:54:57,476 [INFO] CodeEngine:335 - Generated code: C:\Users\alise\Desktop\STM\workspace\F0\PWM_TEST\Core\Inc\stm32f0xx_hal_conf.h
2024-04-22 23:54:57,487 [WARN] IPConfigManager:3513 - IP not found : TIM
2024-04-22 23:54:57,487 [WARN] CodeGenerator:3951 - IP not found : null
2024-04-22 23:54:57,499 [INFO] CodeEngine:255 - oldGeneratedFile, C:\Users\alise\Desktop\STM\workspace\F0\PWM_TEST\Core\Inc\main.h_save
2024-04-22 23:54:57,567 [INFO] CodeEngine:279 - Generated code: C:\Users\alise\Desktop\STM\workspace\F0\PWM_TEST\Core\Inc\main.h
2024-04-22 23:54:57,577 [INFO] CodeEngine:255 - oldGeneratedFile, C:\Users\alise\Desktop\STM\workspace\F0\PWM_TEST\Core\Src\main.c_save
2024-04-22 23:54:57,678 [INFO] CodeEngine:279 - Generated code: C:\Users\alise\Desktop\STM\workspace\F0\PWM_TEST\Core\Src\main.c
2024-04-22 23:54:57,919 [INFO] ProjectBuilder:3163 - Time for Copy HAL[1] : 111mS.
2024-04-22 23:54:57,921 [INFO] ProjectBuilder:4736 - Project Generator version: 4.3.0-B58
2024-04-22 23:54:57,981 [INFO] ConfigFileManager:1503 - The Die is : DIE440
2024-04-22 23:54:58,405 [INFO] ProjectBuilder:5002 - Time for Generating toolchain IDE Files: 484mS.
2024-04-22 23:54:58,406 [INFO] ProjectBuilder:3034 - Time for Copy CMSIS : 1mS.
2024-04-22 23:54:58,409 [INFO] ProjectBuilder:3034 - Time for Copy CMSIS : 1mS.
2024-04-22 23:55:24,789 [INFO] UtilMem:75 - End SaveConfig() Used Memory: 421151872 Bytes (801112064)
2024-04-22 23:55:26,127 [INFO] UtilMem:75 - End SaveConfig() Used Memory: 460862440 Bytes (801112064)
2024-04-22 23:55:27,053 [INFO] UtilMem:75 - End SaveConfig() Used Memory: 515910632 Bytes (801112064)
2024-04-22 23:55:27,154 [INFO] BlockDiagram:2759 - set Specific Code input for plugin: NVIC
2024-04-22 23:55:27,154 [INFO] BlockDiagram:2759 - set Specific Code input for plugin: USART
2024-04-22 23:55:27,154 [INFO] BlockDiagram:2759 - set Specific Code input for plugin: TIM6_7F0
2024-04-22 23:55:27,154 [INFO] BlockDiagram:2759 - set Specific Code input for plugin: TIM1_8F0
2024-04-22 23:55:27,154 [INFO] BlockDiagram:2759 - set Specific Code input for plugin: TIM1_8F0
2024-04-22 23:55:27,154 [INFO] BlockDiagram:2759 - set Specific Code input for plugin: TIM1_8F0
2024-04-22 23:55:27,154 [INFO] BlockDiagram:2759 - set Specific Code input for plugin: SYS
2024-04-22 23:55:27,154 [INFO] BlockDiagram:2759 - set Specific Code input for plugin: GPIO
2024-04-22 23:55:27,154 [INFO] BlockDiagram:2759 - set Specific Code input for plugin: RCC
2024-04-22 23:55:27,155 [INFO] CodeGenerator:807 - code generatio: config db path: C:\ST\STM32CubeIDE_1.14.1\STM32CubeIDE\plugins\com.st.stm32cube.common.mx_6.11.0.202403141607\\db\
2024-04-22 23:55:27,216 [INFO] CodeEngine:255 - oldGeneratedFile, C:\Users\alise\Desktop\STM\workspace\F0\PWM_TEST\MXTmpFiles\license.tmp_save
2024-04-22 23:55:27,272 [INFO] CodeEngine:279 - Generated code: C:\Users\alise\Desktop\STM\workspace\F0\PWM_TEST\MXTmpFiles\license.tmp
2024-04-22 23:55:27,287 [INFO] CodeEngine:255 - oldGeneratedFile, C:\Users\alise\Desktop\STM\workspace\F0\PWM_TEST\MXTmpFiles\gpio.tmp_save
2024-04-22 23:55:27,357 [INFO] CodeEngine:279 - Generated code: C:\Users\alise\Desktop\STM\workspace\F0\PWM_TEST\MXTmpFiles\gpio.tmp
2024-04-22 23:55:27,469 [INFO] CodeEngine:255 - oldGeneratedFile, C:\Users\alise\Desktop\STM\workspace\F0\PWM_TEST\Core\Src\stm32f0xx_it.c_save
2024-04-22 23:55:27,524 [INFO] CodeEngine:279 - Generated code: C:\Users\alise\Desktop\STM\workspace\F0\PWM_TEST\Core\Src\stm32f0xx_it.c
2024-04-22 23:55:27,527 [INFO] CodeEngine:255 - oldGeneratedFile, C:\Users\alise\Desktop\STM\workspace\F0\PWM_TEST\Core\Inc\stm32f0xx_it.h_save
2024-04-22 23:55:27,565 [INFO] CodeEngine:279 - Generated code: C:\Users\alise\Desktop\STM\workspace\F0\PWM_TEST\Core\Inc\stm32f0xx_it.h
2024-04-22 23:55:27,581 [INFO] CodeEngine:255 - oldGeneratedFile, C:\Users\alise\Desktop\STM\workspace\F0\PWM_TEST\Core\Src\stm32f0xx_hal_msp.c_save
2024-04-22 23:55:27,662 [INFO] CodeEngine:279 - Generated code: C:\Users\alise\Desktop\STM\workspace\F0\PWM_TEST\Core\Src\stm32f0xx_hal_msp.c
2024-04-22 23:55:27,671 [INFO] CodeEngine:255 - oldGeneratedFile, C:\Users\alise\Desktop\STM\workspace\F0\PWM_TEST\MXTmpFiles\system.tmp_save
2024-04-22 23:55:27,715 [INFO] CodeEngine:279 - Generated code: C:\Users\alise\Desktop\STM\workspace\F0\PWM_TEST\MXTmpFiles\system.tmp
2024-04-22 23:55:27,729 [INFO] CodeEngine:311 - oldGeneratedFile, C:\Users\alise\Desktop\STM\workspace\F0\PWM_TEST\Core\Inc\stm32f0xx_hal_conf.h_save
2024-04-22 23:55:27,796 [INFO] CodeEngine:335 - Generated code: C:\Users\alise\Desktop\STM\workspace\F0\PWM_TEST\Core\Inc\stm32f0xx_hal_conf.h
2024-04-22 23:55:27,806 [WARN] IPConfigManager:3513 - IP not found : TIM
2024-04-22 23:55:27,807 [WARN] CodeGenerator:3951 - IP not found : null
2024-04-22 23:55:27,818 [INFO] CodeEngine:255 - oldGeneratedFile, C:\Users\alise\Desktop\STM\workspace\F0\PWM_TEST\Core\Inc\main.h_save
2024-04-22 23:55:27,875 [INFO] CodeEngine:279 - Generated code: C:\Users\alise\Desktop\STM\workspace\F0\PWM_TEST\Core\Inc\main.h
2024-04-22 23:55:27,884 [INFO] CodeEngine:255 - oldGeneratedFile, C:\Users\alise\Desktop\STM\workspace\F0\PWM_TEST\Core\Src\main.c_save
2024-04-22 23:55:27,979 [INFO] CodeEngine:279 - Generated code: C:\Users\alise\Desktop\STM\workspace\F0\PWM_TEST\Core\Src\main.c
2024-04-22 23:55:28,191 [INFO] ProjectBuilder:3163 - Time for Copy HAL[1] : 103mS.
2024-04-22 23:55:28,194 [INFO] ProjectBuilder:4736 - Project Generator version: 4.3.0-B58
2024-04-22 23:55:28,262 [INFO] ConfigFileManager:1503 - The Die is : DIE440
2024-04-22 23:55:28,772 [INFO] ProjectBuilder:5002 - Time for Generating toolchain IDE Files: 578mS.
2024-04-22 23:55:28,773 [INFO] ProjectBuilder:3034 - Time for Copy CMSIS : 0mS.
2024-04-22 23:55:28,776 [INFO] ProjectBuilder:3034 - Time for Copy CMSIS : 0mS.
2024-04-22 23:55:39,139 [INFO] UtilMem:75 - End SaveConfig() Used Memory: 550170312 Bytes (801112064)
2024-04-22 23:55:39,968 [INFO] UtilMem:75 - End SaveConfig() Used Memory: 577959624 Bytes (801112064)
2024-04-22 23:55:40,692 [INFO] UtilMem:75 - End SaveConfig() Used Memory: 632485576 Bytes (801112064)
2024-04-22 23:55:40,829 [INFO] BlockDiagram:2759 - set Specific Code input for plugin: NVIC
2024-04-22 23:55:40,829 [INFO] BlockDiagram:2759 - set Specific Code input for plugin: USART
2024-04-22 23:55:40,829 [INFO] BlockDiagram:2759 - set Specific Code input for plugin: TIM6_7F0
2024-04-22 23:55:40,829 [INFO] BlockDiagram:2759 - set Specific Code input for plugin: TIM1_8F0
2024-04-22 23:55:40,829 [INFO] BlockDiagram:2759 - set Specific Code input for plugin: TIM1_8F0
2024-04-22 23:55:40,829 [INFO] BlockDiagram:2759 - set Specific Code input for plugin: TIM1_8F0
2024-04-22 23:55:40,829 [INFO] BlockDiagram:2759 - set Specific Code input for plugin: SYS
2024-04-22 23:55:40,829 [INFO] BlockDiagram:2759 - set Specific Code input for plugin: GPIO
2024-04-22 23:55:40,829 [INFO] BlockDiagram:2759 - set Specific Code input for plugin: RCC
2024-04-22 23:55:40,830 [INFO] CodeGenerator:807 - code generatio: config db path: C:\ST\STM32CubeIDE_1.14.1\STM32CubeIDE\plugins\com.st.stm32cube.common.mx_6.11.0.202403141607\\db\
2024-04-22 23:55:40,942 [INFO] CodeEngine:255 - oldGeneratedFile, C:\Users\alise\Desktop\STM\workspace\F0\PWM_TEST\MXTmpFiles\license.tmp_save
2024-04-22 23:55:41,003 [INFO] CodeEngine:279 - Generated code: C:\Users\alise\Desktop\STM\workspace\F0\PWM_TEST\MXTmpFiles\license.tmp
2024-04-22 23:55:41,017 [INFO] CodeEngine:255 - oldGeneratedFile, C:\Users\alise\Desktop\STM\workspace\F0\PWM_TEST\MXTmpFiles\gpio.tmp_save
2024-04-22 23:55:41,072 [INFO] CodeEngine:279 - Generated code: C:\Users\alise\Desktop\STM\workspace\F0\PWM_TEST\MXTmpFiles\gpio.tmp
2024-04-22 23:55:41,153 [INFO] CodeEngine:255 - oldGeneratedFile, C:\Users\alise\Desktop\STM\workspace\F0\PWM_TEST\Core\Src\stm32f0xx_it.c_save
2024-04-22 23:55:41,206 [INFO] CodeEngine:279 - Generated code: C:\Users\alise\Desktop\STM\workspace\F0\PWM_TEST\Core\Src\stm32f0xx_it.c
2024-04-22 23:55:41,209 [INFO] CodeEngine:255 - oldGeneratedFile, C:\Users\alise\Desktop\STM\workspace\F0\PWM_TEST\Core\Inc\stm32f0xx_it.h_save
2024-04-22 23:55:41,248 [INFO] CodeEngine:279 - Generated code: C:\Users\alise\Desktop\STM\workspace\F0\PWM_TEST\Core\Inc\stm32f0xx_it.h
2024-04-22 23:55:41,262 [INFO] CodeEngine:255 - oldGeneratedFile, C:\Users\alise\Desktop\STM\workspace\F0\PWM_TEST\Core\Src\stm32f0xx_hal_msp.c_save
2024-04-22 23:55:41,342 [INFO] CodeEngine:279 - Generated code: C:\Users\alise\Desktop\STM\workspace\F0\PWM_TEST\Core\Src\stm32f0xx_hal_msp.c
2024-04-22 23:55:41,352 [INFO] CodeEngine:255 - oldGeneratedFile, C:\Users\alise\Desktop\STM\workspace\F0\PWM_TEST\MXTmpFiles\system.tmp_save
2024-04-22 23:55:41,390 [INFO] CodeEngine:279 - Generated code: C:\Users\alise\Desktop\STM\workspace\F0\PWM_TEST\MXTmpFiles\system.tmp
2024-04-22 23:55:41,403 [INFO] CodeEngine:311 - oldGeneratedFile, C:\Users\alise\Desktop\STM\workspace\F0\PWM_TEST\Core\Inc\stm32f0xx_hal_conf.h_save
2024-04-22 23:55:41,474 [INFO] CodeEngine:335 - Generated code: C:\Users\alise\Desktop\STM\workspace\F0\PWM_TEST\Core\Inc\stm32f0xx_hal_conf.h
2024-04-22 23:55:41,484 [WARN] IPConfigManager:3513 - IP not found : TIM
2024-04-22 23:55:41,485 [WARN] CodeGenerator:3951 - IP not found : null
2024-04-22 23:55:41,496 [INFO] CodeEngine:255 - oldGeneratedFile, C:\Users\alise\Desktop\STM\workspace\F0\PWM_TEST\Core\Inc\main.h_save
2024-04-22 23:55:41,549 [INFO] CodeEngine:279 - Generated code: C:\Users\alise\Desktop\STM\workspace\F0\PWM_TEST\Core\Inc\main.h
2024-04-22 23:55:41,559 [INFO] CodeEngine:255 - oldGeneratedFile, C:\Users\alise\Desktop\STM\workspace\F0\PWM_TEST\Core\Src\main.c_save
2024-04-22 23:55:41,649 [INFO] CodeEngine:279 - Generated code: C:\Users\alise\Desktop\STM\workspace\F0\PWM_TEST\Core\Src\main.c
2024-04-22 23:55:41,875 [INFO] ProjectBuilder:3163 - Time for Copy HAL[1] : 113mS.
2024-04-22 23:55:41,878 [INFO] ProjectBuilder:4736 - Project Generator version: 4.3.0-B58
2024-04-22 23:55:41,942 [INFO] ConfigFileManager:1503 - The Die is : DIE440
2024-04-22 23:55:42,356 [INFO] ProjectBuilder:5002 - Time for Generating toolchain IDE Files: 478mS.
2024-04-22 23:55:42,356 [INFO] ProjectBuilder:3034 - Time for Copy CMSIS : 0mS.
2024-04-22 23:55:42,358 [INFO] ProjectBuilder:3034 - Time for Copy CMSIS : 0mS.
