2024-04-21 15:45:14,266 [INFO] LogOutputStream:77 - [STDOUT_REDIRECT] 
2024-04-21 15:45:17,008 [INFO] ProjectBuilder:5002 - Time for Generating toolchain IDE Files: 3379mS.
2024-04-21 15:45:17,009 [INFO] ProjectBuilder:3034 - Time for Copy CMSIS : 1mS.
2024-04-21 15:45:17,011 [INFO] ProjectBuilder:3034 - Time for Copy CMSIS : 1mS.
2024-04-21 21:08:28,172 [INFO] NvicIntPanel:101 - NVIC parent = com.st.microxplorer.plugins.ip.nvic.MultiNvicIntPanel[,0,0,0x0,invalid,layout=javax.swing.BoxLayout,alignmentX=0.0,alignmentY=0.0,border=,flags=9,maximumSize=,minimumSize=,preferredSize=]
2024-04-21 21:08:49,619 [INFO] UtilMem:75 - End SaveConfig() Used Memory: 432635456 Bytes (617611264)
2024-04-21 21:08:50,253 [INFO] UtilMem:75 - End SaveConfig() Used Memory: 453992536 Bytes (617611264)
2024-04-21 21:08:51,053 [INFO] UtilMem:75 - End SaveConfig() Used Memory: 495413336 Bytes (617611264)
2024-04-21 21:08:51,214 [INFO] BlockDiagram:2759 - set Specific Code input for plugin: NVIC
2024-04-21 21:08:51,214 [INFO] BlockDiagram:2759 - set Specific Code input for plugin: USART
2024-04-21 21:08:51,214 [INFO] BlockDiagram:2759 - set Specific Code input for plugin: TIM6_7F0
2024-04-21 21:08:51,214 [INFO] BlockDiagram:2759 - set Specific Code input for plugin: TIM1_8F0
2024-04-21 21:08:51,214 [INFO] BlockDiagram:2759 - set Specific Code input for plugin: TIM1_8F0
2024-04-21 21:08:51,214 [INFO] BlockDiagram:2759 - set Specific Code input for plugin: TIM1_8F0
2024-04-21 21:08:51,214 [INFO] BlockDiagram:2759 - set Specific Code input for plugin: SYS
2024-04-21 21:08:51,214 [INFO] BlockDiagram:2759 - set Specific Code input for plugin: GPIO
2024-04-21 21:08:51,214 [INFO] BlockDiagram:2759 - set Specific Code input for plugin: RCC
2024-04-21 21:08:51,215 [INFO] CodeGenerator:807 - code generatio: config db path: C:\ST\STM32CubeIDE_1.14.1\STM32CubeIDE\plugins\com.st.stm32cube.common.mx_6.11.0.202403141607\\db\
2024-04-21 21:08:51,359 [INFO] CodeEngine:255 - oldGeneratedFile, C:\Users\alise\Desktop\STM\workspace\F0\PWM_TEST\MXTmpFiles\license.tmp_save
2024-04-21 21:08:51,497 [INFO] CodeEngine:279 - Generated code: C:\Users\alise\Desktop\STM\workspace\F0\PWM_TEST\MXTmpFiles\license.tmp
2024-04-21 21:08:51,549 [INFO] CodeEngine:255 - oldGeneratedFile, C:\Users\alise\Desktop\STM\workspace\F0\PWM_TEST\MXTmpFiles\gpio.tmp_save
2024-04-21 21:08:51,694 [INFO] CodeEngine:279 - Generated code: C:\Users\alise\Desktop\STM\workspace\F0\PWM_TEST\MXTmpFiles\gpio.tmp
2024-04-21 21:08:51,916 [INFO] CodeEngine:255 - oldGeneratedFile, C:\Users\alise\Desktop\STM\workspace\F0\PWM_TEST\Core\Src\stm32f0xx_it.c_save
2024-04-21 21:08:52,107 [INFO] CodeEngine:279 - Generated code: C:\Users\alise\Desktop\STM\workspace\F0\PWM_TEST\Core\Src\stm32f0xx_it.c
2024-04-21 21:08:52,138 [INFO] CodeEngine:255 - oldGeneratedFile, C:\Users\alise\Desktop\STM\workspace\F0\PWM_TEST\Core\Inc\stm32f0xx_it.h_save
2024-04-21 21:08:52,267 [INFO] CodeEngine:279 - Generated code: C:\Users\alise\Desktop\STM\workspace\F0\PWM_TEST\Core\Inc\stm32f0xx_it.h
2024-04-21 21:08:52,304 [INFO] CodeEngine:255 - oldGeneratedFile, C:\Users\alise\Desktop\STM\workspace\F0\PWM_TEST\Core\Src\stm32f0xx_hal_msp.c_save
2024-04-21 21:08:52,424 [INFO] CodeEngine:279 - Generated code: C:\Users\alise\Desktop\STM\workspace\F0\PWM_TEST\Core\Src\stm32f0xx_hal_msp.c
2024-04-21 21:08:52,436 [INFO] CodeEngine:255 - oldGeneratedFile, C:\Users\alise\Desktop\STM\workspace\F0\PWM_TEST\MXTmpFiles\system.tmp_save
2024-04-21 21:08:52,483 [INFO] CodeEngine:279 - Generated code: C:\Users\alise\Desktop\STM\workspace\F0\PWM_TEST\MXTmpFiles\system.tmp
2024-04-21 21:08:52,503 [INFO] CodeEngine:311 - oldGeneratedFile, C:\Users\alise\Desktop\STM\workspace\F0\PWM_TEST\Core\Inc\stm32f0xx_hal_conf.h_save
2024-04-21 21:08:52,600 [INFO] CodeEngine:335 - Generated code: C:\Users\alise\Desktop\STM\workspace\F0\PWM_TEST\Core\Inc\stm32f0xx_hal_conf.h
2024-04-21 21:08:52,634 [WARN] IPConfigManager:3513 - IP not found : TIM
2024-04-21 21:08:52,634 [WARN] CodeGenerator:3951 - IP not found : null
2024-04-21 21:08:52,659 [INFO] CodeEngine:255 - oldGeneratedFile, C:\Users\alise\Desktop\STM\workspace\F0\PWM_TEST\Core\Inc\main.h_save
2024-04-21 21:08:52,748 [INFO] CodeEngine:279 - Generated code: C:\Users\alise\Desktop\STM\workspace\F0\PWM_TEST\Core\Inc\main.h
2024-04-21 21:08:52,764 [INFO] CodeEngine:255 - oldGeneratedFile, C:\Users\alise\Desktop\STM\workspace\F0\PWM_TEST\Core\Src\main.c_save
2024-04-21 21:08:52,879 [INFO] CodeEngine:279 - Generated code: C:\Users\alise\Desktop\STM\workspace\F0\PWM_TEST\Core\Src\main.c
2024-04-21 21:08:53,116 [INFO] ProjectBuilder:3163 - Time for Copy HAL[1] : 96mS.
2024-04-21 21:08:53,119 [INFO] ProjectBuilder:4736 - Project Generator version: 4.3.0-B58
2024-04-21 21:08:53,184 [INFO] ConfigFileManager:1503 - The Die is : DIE440
2024-04-21 21:08:53,894 [INFO] ProjectBuilder:5002 - Time for Generating toolchain IDE Files: 774mS.
2024-04-21 21:08:53,894 [INFO] ProjectBuilder:3034 - Time for Copy CMSIS : 0mS.
2024-04-21 21:08:53,896 [INFO] ProjectBuilder:3034 - Time for Copy CMSIS : 0mS.
